number,value,datetime_start,datetime_complete,duration,params_param1,params_param2,params_param3,params_param4,state
0,1000000.0,2025-09-04 00:48:37.550543,2025-09-04 00:57:00.571825,0 days 00:08:23.021282,710,500,0.041,0.061500000000000006,COMPLETE
1,1000000.0,2025-09-04 00:57:00.572438,2025-09-04 01:05:18.937583,0 days 00:08:18.365145,340,110,0.0825,0.07200000000000001,COMPLETE
2,1001227.2999999999,2025-09-04 01:05:18.938258,2025-09-04 01:13:28.483349,0 days 00:08:09.545091,650,300,0.0265,0.0105,COMPLETE
3,1066120.1,2025-09-04 01:13:28.483980,2025-09-04 01:21:54.129745,0 days 00:08:25.645765,470,190,0.0195,0.056,COMPLETE
4,1000000.0,2025-09-04 01:21:54.130255,2025-09-04 01:29:59.693325,0 days 00:08:05.563070,670,430,0.096,0.077,COMPLETE
5,-inf,2025-09-04 01:29:59.693827,2025-09-04 01:29:59.694304,0 days 00:00:00.000477,40,920,0.08650000000000001,0.07150000000000001,COMPLETE
6,-inf,2025-09-04 01:29:59.694647,2025-09-04 01:29:59.695027,0 days 00:00:00.000380,290,950,0.0925,0.061500000000000006,COMPLETE
7,999353.0000000001,2025-09-04 01:29:59.695352,2025-09-04 01:38:06.106056,0 days 00:08:06.410704,830,600,0.016,0.0035,COMPLETE
8,989852.8,2025-09-04 01:38:06.106669,2025-09-04 01:46:28.625643,0 days 00:08:22.518974,850,680,0.017,0.085,COMPLETE
9,1000000.0,2025-09-04 01:46:28.626194,2025-09-04 01:54:31.099177,0 days 00:08:02.472983,410,110,0.077,0.036000000000000004,COMPLETE
10,1000000.0,2025-09-04 01:54:31.099687,2025-09-04 02:02:33.380874,0 days 00:08:02.281187,110,10,0.056,0.0405,COMPLETE
11,910626.1000000251,2025-09-04 02:02:33.381381,2025-09-04 02:10:36.401458,0 days 00:08:03.020077,580,300,0.0035,0.006,COMPLETE
12,1000000.0,2025-09-04 02:10:36.402004,2025-09-04 02:18:46.461022,0 days 00:08:10.059018,510,300,0.038000000000000006,0.0285,COMPLETE
13,1059429.799999999,2025-09-04 02:18:46.461569,2025-09-04 02:26:54.825966,0 days 00:08:08.364397,990,280,0.0275,0.0965,COMPLETE
14,999745.0,2025-09-04 02:26:54.826462,2025-09-04 02:34:57.470527,0 days 00:08:02.644065,1000,200,0.058,0.099,COMPLETE
15,-inf,2025-09-04 02:34:57.471028,2025-09-04 02:34:57.478401,0 days 00:00:00.007373,210,390,0.032,0.097,COMPLETE
16,-inf,2025-09-04 02:34:57.478838,2025-09-04 02:34:57.485857,0 days 00:00:00.007019,490,720,0.004,0.051500000000000004,COMPLETE
17,1001222.0,2025-09-04 02:34:57.486300,2025-09-04 02:43:04.777502,0 days 00:08:07.291202,990,210,0.047,0.0225,COMPLETE
18,2569834.300000244,2025-09-04 02:43:04.778001,2025-09-04 02:51:10.672780,0 days 00:08:05.894779,820,10,0.0205,0.08800000000000001,COMPLETE
19,999658.0,2025-09-04 02:51:10.673287,2025-09-04 02:59:28.883649,0 days 00:08:18.210362,790,30,0.0655,0.08650000000000001,COMPLETE
20,1208122.3999999997,2025-09-04 02:59:28.884148,2025-09-04 03:07:35.107194,0 days 00:08:06.223046,440,130,0.017499999999999998,0.053000000000000005,COMPLETE
21,1186238.6999999993,2025-09-04 03:07:35.107715,2025-09-04 03:15:47.341989,0 days 00:08:12.234274,430,120,0.017499999999999998,0.052000000000000005,COMPLETE
22,1535790.599999995,2025-09-04 03:15:47.342503,2025-09-04 03:23:48.470076,0 days 00:08:01.127573,360,60,0.0135,0.043000000000000003,COMPLETE
23,1417282.0999999966,2025-09-04 03:23:48.470685,2025-09-04 03:31:50.031462,0 days 00:08:01.560777,230,40,0.01,0.045000000000000005,COMPLETE
24,1575406.099999989,2025-09-04 03:31:50.031962,2025-09-04 03:39:58.042343,0 days 00:08:08.010381,210,20,0.0095,0.043000000000000003,COMPLETE
25,1000913.0,2025-09-04 03:39:58.042853,2025-09-04 03:47:55.104563,0 days 00:07:57.061710,160,60,0.0255,0.0295,COMPLETE
26,1014372.4000000003,2025-09-04 03:47:55.105069,2025-09-04 03:56:07.086998,0 days 00:08:11.981929,310,200,0.007000000000000001,0.0195,COMPLETE
27,3276564.5000001197,2025-09-04 03:56:07.087559,2025-09-04 04:04:19.482501,0 days 00:08:12.394942,560,10,0.0105,0.043000000000000003,COMPLETE
28,-inf,2025-09-04 04:04:19.483011,2025-09-04 04:04:19.492283,0 days 00:00:00.009272,570,860,0.035500000000000004,0.0345,COMPLETE
29,1000000.0,2025-09-04 04:04:19.492738,2025-09-04 04:12:21.584075,0 days 00:08:02.091337,740,520,0.0465,0.062000000000000006,COMPLETE
30,1041828.3000000002,2025-09-04 04:12:21.584578,2025-09-04 04:20:24.195180,0 days 00:08:02.610602,910,380,0.024,0.066,COMPLETE
31,2311296.90000001,2025-09-04 04:20:24.195683,2025-09-04 04:28:22.193678,0 days 00:07:57.997995,340,10,0.0105,0.043000000000000003,COMPLETE
32,2049991.29999999,2025-09-04 04:28:22.194192,2025-09-04 04:36:18.477400,0 days 00:07:56.283208,240,10,0.009000000000000001,0.045000000000000005,COMPLETE
33,3185115.999999644,2025-09-04 04:36:18.478081,2025-09-04 04:44:25.242297,0 days 00:08:06.764216,570,130,0.0025,0.048,COMPLETE
34,2624896.100000752,2025-09-04 04:44:25.242794,2025-09-04 04:52:33.416291,0 days 00:08:08.173497,580,150,0.0025,0.036500000000000005,COMPLETE
35,1779747.8000002196,2025-09-04 04:52:33.416835,2025-09-04 05:00:39.275140,0 days 00:08:05.858305,590,150,0.0025,0.0165,COMPLETE
36,1557195.7999999851,2025-09-04 05:00:39.275666,2025-09-04 05:08:40.654868,0 days 00:08:01.379202,690,90,0.023,0.0575,COMPLETE
37,1001913.0,2025-09-04 05:08:40.655593,2025-09-04 05:16:42.177476,0 days 00:08:01.521883,640,260,0.0325,0.028,COMPLETE
38,2244187.1999999797,2025-09-04 05:16:42.178012,2025-09-04 05:24:47.988753,0 days 00:08:05.810741,740,170,0.013000000000000001,0.0775,COMPLETE
39,1069671.2000000004,2025-09-04 05:24:47.989259,2025-09-04 05:32:49.890169,0 days 00:08:01.900910,620,240,0.0205,0.037000000000000005,COMPLETE
40,4036592.9000001233,2025-09-04 05:32:49.890667,2025-09-04 05:40:59.607921,0 days 00:08:09.717254,560,90,0.0025,0.0685,COMPLETE
41,3793534.800000173,2025-09-04 05:40:59.608432,2025-09-04 05:49:03.775637,0 days 00:08:04.167205,540,90,0.003,0.068,COMPLETE
42,3811148.2000002153,2025-09-04 05:49:03.776271,2025-09-04 05:57:14.467436,0 days 00:08:10.691165,540,90,0.003,0.0685,COMPLETE
43,3087680.300000266,2025-09-04 05:57:14.467944,2025-09-04 06:05:20.198518,0 days 00:08:05.730574,540,90,0.0075,0.07100000000000001,COMPLETE
44,1010649.6000000001,2025-09-04 06:05:20.199027,2025-09-04 06:13:21.717288,0 days 00:08:01.518261,520,350,0.0145,0.0765,COMPLETE
45,2852844.400000242,2025-09-04 06:13:21.717792,2025-09-04 06:21:25.231311,0 days 00:08:03.513519,380,70,0.0055,0.0675,COMPLETE
46,1565074.1999999958,2025-09-04 06:21:25.231992,2025-09-04 06:29:26.009878,0 days 00:08:00.777886,460,110,0.013000000000000001,0.0815,COMPLETE
47,1000000.0,2025-09-04 06:29:26.010379,2025-09-04 06:37:29.880184,0 days 00:08:03.869805,640,460,0.07400000000000001,0.059000000000000004,COMPLETE
48,2637047.0000001458,2025-09-04 06:37:29.880878,2025-09-04 06:45:36.139062,0 days 00:08:06.258184,540,170,0.0025,0.064,COMPLETE
49,1292941.9999999942,2025-09-04 06:45:36.139564,2025-09-04 06:53:36.263728,0 days 00:08:00.124164,480,220,0.0075,0.0485,COMPLETE
50,1000000.0,2025-09-04 06:53:36.264326,2025-09-04 07:01:40.890556,0 days 00:08:04.626230,690,320,0.1,0.07450000000000001,COMPLETE
51,3193545.300000176,2025-09-04 07:01:40.891070,2025-09-04 07:09:49.797656,0 days 00:08:08.906586,540,80,0.008,0.081,COMPLETE
52,2457826.400000097,2025-09-04 07:09:49.798208,2025-09-04 07:17:58.294581,0 days 00:08:08.496373,600,100,0.0125,0.0695,COMPLETE
53,2590036.800000019,2025-09-04 07:17:58.295165,2025-09-04 07:26:01.992742,0 days 00:08:03.697577,490,140,0.006,0.0915,COMPLETE
54,1636684.499999999,2025-09-04 07:26:01.993289,2025-09-04 07:34:08.113603,0 days 00:08:06.120314,550,80,0.017,0.08,COMPLETE
55,3272266.3999999547,2025-09-04 07:34:08.114114,2025-09-04 07:42:14.514584,0 days 00:08:06.400470,420,50,0.006500000000000001,0.0825,COMPLETE
56,978597.9999999998,2025-09-04 07:42:14.515110,2025-09-04 07:50:13.937151,0 days 00:07:59.422041,400,70,0.0305,0.091,COMPLETE
57,1201618.8999999887,2025-09-04 07:50:13.937658,2025-09-04 07:58:14.894600,0 days 00:08:00.956942,440,50,0.0205,0.084,COMPLETE
58,-inf,2025-09-04 07:58:14.895106,2025-09-04 07:58:14.906401,0 days 00:00:00.011295,510,670,0.0105,0.07250000000000001,COMPLETE
59,1000000.0,2025-09-04 07:58:14.906855,2025-09-04 08:06:18.269118,0 days 00:08:03.362263,650,230,0.08800000000000001,0.093,COMPLETE
60,1619558.6999999967,2025-09-04 08:06:18.269726,2025-09-04 08:14:25.908284,0 days 00:08:07.638558,410,180,0.006,0.055,COMPLETE
61,3307178.1999994945,2025-09-04 08:14:25.908832,2025-09-04 08:22:39.319145,0 days 00:08:13.410313,610,120,0.0025,0.049,COMPLETE
62,2434261.600000062,2025-09-04 08:22:39.319865,2025-09-04 08:31:53.570703,0 days 00:09:14.250838,610,40,0.015500000000000002,0.060000000000000005,COMPLETE
63,2572943.5000001756,2025-09-04 08:31:53.571229,2025-09-04 08:41:13.594275,0 days 00:09:20.023046,460,50,0.0105,0.081,COMPLETE
64,4080351.1000005333,2025-09-04 08:41:13.595026,2025-09-04 08:51:04.933765,0 days 00:09:51.338739,730,110,0.0045000000000000005,0.065,COMPLETE
65,3967427.900000415,2025-09-04 08:51:04.934292,2025-09-04 09:00:36.464955,0 days 00:09:31.530663,750,120,0.005,0.065,COMPLETE
66,-inf,2025-09-04 09:00:36.465580,2025-09-04 09:00:36.479210,0 days 00:00:00.013630,760,810,0.005,0.0655,COMPLETE
67,3388098.9000000292,2025-09-04 09:00:36.479811,2025-09-04 09:11:01.743055,0 days 00:10:25.263244,860,110,0.011500000000000002,0.0555,COMPLETE
68,1000581.0,2025-09-04 09:11:01.743592,2025-09-04 09:19:21.967012,0 days 00:08:20.223420,870,190,0.059500000000000004,0.068,COMPLETE
69,1566705.1999999958,2025-09-04 09:19:21.967526,2025-09-04 09:27:36.198732,0 days 00:08:14.231206,930,270,0.017499999999999998,0.0635,COMPLETE
70,1036994.0,2025-09-04 09:27:36.199263,2025-09-04 09:35:47.035495,0 days 00:08:10.836232,810,120,0.044000000000000004,0.055,COMPLETE
71,2278505.9999999944,2025-09-04 09:35:47.036064,2025-09-04 09:44:08.391260,0 days 00:08:21.355196,770,160,0.011500000000000002,0.0495,COMPLETE
72,3631687.400000266,2025-09-04 09:44:08.391767,2025-09-04 09:52:16.054703,0 days 00:08:07.662936,680,120,0.0055,0.061000000000000006,COMPLETE
73,3710888.2000001175,2025-09-04 09:52:16.055206,2025-09-04 10:00:23.419140,0 days 00:08:07.363934,720,120,0.005,0.059500000000000004,COMPLETE
74,3076957.0000000666,2025-09-04 10:00:23.419808,2025-09-04 10:08:27.012531,0 days 00:08:03.592723,730,150,0.008,0.061500000000000006,COMPLETE
75,-inf,2025-09-04 10:08:27.013046,2025-09-04 10:08:27.024821,0 days 00:00:00.011775,700,990,0.0055,0.0575,COMPLETE
76,1018362.7999999999,2025-09-04 10:08:27.025281,2025-09-04 10:16:30.875168,0 days 00:08:03.849887,850,540,0.0145,0.07300000000000001,COMPLETE
77,3332978.800000182,2025-09-04 10:16:30.875842,2025-09-04 10:24:36.650360,0 days 00:08:05.774518,790,210,0.0045000000000000005,0.07,COMPLETE
78,3252713.2000000966,2025-09-04 10:24:36.650895,2025-09-04 10:32:45.558204,0 days 00:08:08.907309,660,100,0.0095,0.0655,COMPLETE
79,3602580.1999998884,2025-09-04 10:32:45.558714,2025-09-04 10:40:53.811554,0 days 00:08:08.252840,900,190,0.0045000000000000005,0.053500000000000006,COMPLETE
80,2611395.0000000987,2025-09-04 10:40:53.812051,2025-09-04 10:49:03.218127,0 days 00:08:09.406076,720,240,0.004,0.060000000000000005,COMPLETE
81,3743735.30000039,2025-09-04 10:49:03.218636,2025-09-04 10:57:10.317107,0 days 00:08:07.098471,910,130,0.0085,0.054000000000000006,COMPLETE
82,3285780.7000000817,2025-09-04 10:57:10.317601,2025-09-04 11:05:20.345174,0 days 00:08:10.027573,950,190,0.008,0.053500000000000006,COMPLETE
83,4569855.300000784,2025-09-04 11:05:20.345670,2025-09-04 11:13:28.950795,0 days 00:08:08.605125,910,130,0.0055,0.068,COMPLETE
84,2731830.7000000114,2025-09-04 11:13:28.951291,2025-09-04 11:21:39.372497,0 days 00:08:10.421206,950,140,0.015000000000000001,0.0625,COMPLETE
85,5886108.899996782,2025-09-04 11:21:39.373061,2025-09-04 11:29:59.066129,0 days 00:08:19.693068,890,90,0.0025,0.07450000000000001,COMPLETE
86,5754832.89999997,2025-09-04 11:29:59.066644,2025-09-04 11:38:40.717463,0 days 00:08:41.650819,890,30,0.009000000000000001,0.0765,COMPLETE
87,3190537.1000002795,2025-09-04 11:38:40.717976,2025-09-04 11:47:45.073857,0 days 00:09:04.355881,890,20,0.0185,0.0755,COMPLETE
88,6381119.299999575,2025-09-04 11:47:45.074390,2025-09-04 11:58:32.459120,0 days 00:10:47.384730,980,30,0.009000000000000001,0.0785,COMPLETE
89,2674595.7000001157,2025-09-04 11:58:32.459743,2025-09-04 12:08:37.517597,0 days 00:10:05.057854,980,30,0.023,0.0785,COMPLETE
90,3663268.400000481,2025-09-04 12:08:37.518337,2025-09-04 12:18:29.129755,0 days 00:09:51.611418,830,70,0.0125,0.07450000000000001,COMPLETE
91,4807034.5000009015,2025-09-04 12:18:29.130282,2025-09-04 12:28:22.425467,0 days 00:09:53.295185,960,90,0.009000000000000001,0.0675,COMPLETE
92,6139578.999997564,2025-09-04 12:28:22.426009,2025-09-04 12:37:20.463094,0 days 00:08:58.037085,980,90,0.003,0.0685,COMPLETE
93,5300469.100000823,2025-09-04 12:37:20.463587,2025-09-04 12:46:18.909429,0 days 00:08:58.445842,1000,70,0.009000000000000001,0.07150000000000001,COMPLETE
94,6094111.400000739,2025-09-04 12:46:18.910176,2025-09-04 12:55:08.614685,0 days 00:08:49.704509,1000,30,0.0095,0.07150000000000001,COMPLETE
95,5966343.000000694,2025-09-04 12:55:08.615240,2025-09-04 13:03:52.786008,0 days 00:08:44.170768,1000,30,0.01,0.07200000000000001,COMPLETE
96,4102231.6000005663,2025-09-04 13:03:52.786926,2025-09-04 13:12:31.835355,0 days 00:08:39.048429,1000,30,0.016,0.07200000000000001,COMPLETE
97,3456921.000000396,2025-09-04 13:12:31.836005,2025-09-04 13:20:37.528617,0 days 00:08:05.692612,1000,10,0.0195,0.08650000000000001,COMPLETE
98,4513544.000000414,2025-09-04 13:20:37.529188,2025-09-04 13:28:38.996507,0 days 00:08:01.467319,970,40,0.0145,0.0785,COMPLETE
99,4372464.400000542,2025-09-04 13:28:38.997014,2025-09-04 13:36:46.991464,0 days 00:08:07.994450,970,60,0.0135,0.076,COMPLETE
100,5902355.499999933,2025-09-04 13:36:46.991973,2025-09-04 13:45:32.926361,0 days 00:08:45.934388,960,30,0.0105,0.0785,COMPLETE
101,5652659.700000005,2025-09-04 13:45:32.926876,2025-09-04 13:55:37.264760,0 days 00:10:04.337884,950,40,0.0105,0.0785,COMPLETE
102,5310291.399999705,2025-09-04 13:55:37.265404,2025-09-04 14:05:21.008739,0 days 00:09:43.743335,940,60,0.0095,0.084,COMPLETE
103,6094925.399999252,2025-09-04 14:05:21.009261,2025-09-04 14:13:47.210451,0 days 00:08:26.201190,950,30,0.009000000000000001,0.084,COMPLETE
104,5688641.699999774,2025-09-04 14:13:47.210946,2025-09-04 14:22:23.834316,0 days 00:08:36.623370,930,10,0.011500000000000002,0.0835,COMPLETE
105,5651743.299999604,2025-09-04 14:22:23.834825,2025-09-04 14:31:30.658319,0 days 00:09:06.823494,940,10,0.011000000000000001,0.08850000000000001,COMPLETE
106,2589626.3000002624,2025-09-04 14:31:30.658836,2025-09-04 14:39:45.142951,0 days 00:08:14.484115,930,10,0.0225,0.09000000000000001,COMPLETE
107,1557377.5000000668,2025-09-04 14:39:45.143658,2025-09-04 14:47:57.853733,0 days 00:08:12.710075,890,30,0.027,0.096,COMPLETE
108,4668083.99999993,2025-09-04 14:47:57.854245,2025-09-04 14:56:15.716225,0 days 00:08:17.861980,930,40,0.012,0.08750000000000001,COMPLETE
109,5417888.599999743,2025-09-04 14:56:15.716803,2025-09-04 15:04:32.023898,0 days 00:08:16.307095,880,10,0.011000000000000001,0.085,COMPLETE
110,6240663.299999155,2025-09-04 15:04:32.024412,2025-09-04 15:12:44.996713,0 days 00:08:12.972301,970,50,0.007000000000000001,0.0795,COMPLETE
111,4855285.5000002105,2025-09-04 15:12:44.997450,2025-09-04 15:21:06.054310,0 days 00:08:21.056860,980,50,0.013000000000000001,0.08,COMPLETE
112,6437917.899998985,2025-09-04 15:21:06.054817,2025-09-04 15:29:39.051035,0 days 00:08:32.996218,930,30,0.007000000000000001,0.078,COMPLETE
113,1000000.0,2025-09-04 15:29:39.051540,2025-09-04 15:37:33.730056,0 days 00:07:54.678516,920,30,0.076,0.0825,COMPLETE
114,5318621.900000422,2025-09-04 15:37:33.730620,2025-09-04 15:45:43.604154,0 days 00:08:09.873534,960,70,0.008,0.07400000000000001,COMPLETE
115,6191991.199999296,2025-09-04 15:45:43.604676,2025-09-04 15:54:03.934341,0 days 00:08:20.329665,980,50,0.007000000000000001,0.0775,COMPLETE
116,5540208.6999997515,2025-09-04 15:54:03.934895,2025-09-04 16:02:35.494660,0 days 00:08:31.559765,980,80,0.007000000000000001,0.077,COMPLETE
117,-inf,2025-09-04 16:02:35.495172,2025-09-04 16:02:35.510966,0 days 00:00:00.015794,30,60,0.052000000000000005,0.083,COMPLETE
118,2633495.500000107,2025-09-04 16:02:35.511548,2025-09-04 16:10:51.746303,0 days 00:08:16.234755,870,90,0.0165,0.0855,COMPLETE
119,6742377.599998206,2025-09-04 16:10:51.746936,2025-09-04 16:19:16.501795,0 days 00:08:24.754859,980,30,0.007000000000000001,0.0795,COMPLETE
120,6358702.899999121,2025-09-04 16:19:16.502286,2025-09-04 16:27:27.761791,0 days 00:08:11.259505,990,50,0.007000000000000001,0.0795,COMPLETE
121,6446149.099998888,2025-09-04 16:27:27.762528,2025-09-04 16:35:30.633411,0 days 00:08:02.870883,990,50,0.006500000000000001,0.0795,COMPLETE
122,5959710.299999224,2025-09-04 16:35:30.633912,2025-09-04 16:43:41.979774,0 days 00:08:11.345862,980,60,0.007000000000000001,0.08,COMPLETE
123,6313169.199999084,2025-09-04 16:43:41.980275,2025-09-04 16:51:36.065687,0 days 00:07:54.085412,1000,50,0.007000000000000001,0.08,COMPLETE
124,6374244.09999907,2025-09-04 16:51:36.066201,2025-09-04 16:59:59.518218,0 days 00:08:23.452017,1000,50,0.007000000000000001,0.0805,COMPLETE
125,1000000.0,2025-09-04 16:59:59.518922,2025-09-04 17:08:22.089248,0 days 00:08:22.570326,990,70,0.0695,0.081,COMPLETE
126,6491539.299998855,2025-09-04 17:08:22.089770,2025-09-04 17:16:31.567673,0 days 00:08:09.477903,1000,50,0.006500000000000001,0.0795,COMPLETE
127,6240663.299999155,2025-09-04 17:16:31.568170,2025-09-04 17:24:33.372033,0 days 00:08:01.803863,970,50,0.007000000000000001,0.0795,COMPLETE
128,5933428.799998701,2025-09-04 17:24:33.372541,2025-09-04 17:33:25.320525,0 days 00:08:51.947984,970,50,0.007000000000000001,0.08900000000000001,COMPLETE
129,-inf,2025-09-04 17:33:25.321036,2025-09-04 17:33:25.334096,0 days 00:00:00.013060,90,100,0.004,0.08650000000000001,COMPLETE
130,5231868.4999987455,2025-09-04 17:33:25.334547,2025-09-04 17:42:00.176250,0 days 00:08:34.841703,950,80,0.006500000000000001,0.0925,COMPLETE
131,6410627.799999094,2025-09-04 17:42:00.176761,2025-09-04 17:50:10.655702,0 days 00:08:10.478941,1000,50,0.007000000000000001,0.0795,COMPLETE
132,1346859.7999999973,2025-09-04 17:50:10.656202,2025-09-04 17:58:40.349499,0 days 00:08:29.693297,980,50,0.039,0.0815,COMPLETE
133,5016324.799999848,2025-09-04 17:58:40.350020,2025-09-04 18:07:00.950735,0 days 00:08:20.600715,920,100,0.006500000000000001,0.0775,COMPLETE
134,6678455.599998363,2025-09-04 18:07:00.951303,2025-09-04 18:15:34.845715,0 days 00:08:33.894412,960,50,0.004,0.08,COMPLETE
135,6887519.299999591,2025-09-04 18:15:34.846224,2025-09-04 18:23:51.400123,0 days 00:08:16.553899,1000,70,0.0025,0.0805,COMPLETE
136,3206047.7000001427,2025-09-04 18:23:51.400629,2025-09-04 18:31:59.411905,0 days 00:08:08.011276,1000,410,0.004,0.0805,COMPLETE
137,5961801.499999285,2025-09-04 18:31:59.412420,2025-09-04 18:40:10.397730,0 days 00:08:10.985310,960,60,0.006,0.0755,COMPLETE
138,4989770.399999319,2025-09-04 18:40:10.398290,2025-09-04 18:48:19.061438,0 days 00:08:08.663148,1000,160,0.004,0.0785,COMPLETE
139,3605560.5000003274,2025-09-04 18:48:19.062002,2025-09-04 18:56:28.480957,0 days 00:08:09.418955,910,110,0.013000000000000001,0.082,COMPLETE
140,1224270.2000000007,2025-09-04 18:56:28.481551,2025-09-04 19:04:33.393910,0 days 00:08:04.912359,970,630,0.0075,0.0795,COMPLETE
141,6386756.699997606,2025-09-04 19:04:33.394403,2025-09-04 19:12:42.274050,0 days 00:08:08.879647,970,80,0.0025,0.076,COMPLETE
142,5746588.299997671,2025-09-04 19:12:42.274556,2025-09-04 19:20:49.974946,0 days 00:08:07.700390,940,70,0.005,0.0765,COMPLETE
143,6917642.499998409,2025-09-04 19:20:49.975446,2025-09-04 19:29:03.534671,0 days 00:08:13.559225,980,50,0.0025,0.07400000000000001,COMPLETE
144,863846.100000049,2025-09-04 19:29:03.535174,2025-09-04 19:37:08.150411,0 days 00:08:04.615237,960,770,0.0025,0.07400000000000001,COMPLETE
145,6720823.899999473,2025-09-04 19:37:08.150908,2025-09-04 19:45:21.109792,0 days 00:08:12.958884,1000,80,0.0025,0.082,COMPLETE
146,6248722.799997814,2025-09-04 19:45:21.110296,2025-09-04 19:53:35.496492,0 days 00:08:14.386196,1000,80,0.004,0.08600000000000001,COMPLETE
147,6654833.099999992,2025-09-04 19:53:35.496985,2025-09-04 20:01:49.602484,0 days 00:08:14.105499,1000,80,0.0025,0.08600000000000001,COMPLETE
148,5812652.799998239,2025-09-04 20:01:49.603000,2025-09-04 20:09:58.981085,0 days 00:08:09.378085,1000,140,0.0025,0.0825,COMPLETE
149,7158326.699999579,2025-09-04 20:09:58.981606,2025-09-04 20:18:09.012253,0 days 00:08:10.030647,940,10,0.0045000000000000005,0.085,COMPLETE
150,7528626.300000299,2025-09-04 20:18:09.012912,2025-09-04 20:26:22.159873,0 days 00:08:13.146961,930,20,0.0025,0.085,COMPLETE
151,7624784.000000667,2025-09-04 20:26:22.160374,2025-09-04 20:34:35.918651,0 days 00:08:13.758277,930,10,0.0025,0.0845,COMPLETE
152,7116326.800000093,2025-09-04 20:34:35.919146,2025-09-04 20:42:51.382673,0 days 00:08:15.463527,910,10,0.004,0.08800000000000001,COMPLETE
153,7592376.200000828,2025-09-04 20:42:51.383209,2025-09-04 20:51:05.867395,0 days 00:08:14.484186,910,10,0.0025,0.0945,COMPLETE
154,7592376.200000828,2025-09-04 20:51:05.867892,2025-09-04 20:59:20.553776,0 days 00:08:14.685884,910,10,0.0025,0.0945,COMPLETE
155,7361176.899999689,2025-09-04 20:59:20.554331,2025-09-04 21:07:32.058435,0 days 00:08:11.504104,850,20,0.0025,0.0995,COMPLETE
156,6987618.399999255,2025-09-04 21:07:32.059130,2025-09-04 21:15:40.051634,0 days 00:08:07.992504,840,10,0.0045000000000000005,0.0985,COMPLETE
157,7076599.899999215,2025-09-04 21:15:40.052337,2025-09-04 21:23:54.417868,0 days 00:08:14.365531,860,10,0.0045000000000000005,0.0995,COMPLETE
