number,value,datetime_start,datetime_complete,duration,params_param1,params_param2,params_param3,params_param4,state
158,7365270.299999511,2025-09-04 21:23:54.418375,2025-09-04 21:32:10.762644,0 days 00:08:16.344269,840,20,0.0025,0.099,COMPLETE
159,7516250.200000258,2025-09-04 21:32:10.763364,2025-09-04 21:40:31.511801,0 days 00:08:20.748437,830,10,0.0025,0.0995,COMPLETE
160,7526528.800000094,2025-09-04 21:40:31.512308,2025-09-04 21:48:50.251178,0 days 00:08:18.738870,830,10,0.0025,0.1,COMPLETE
161,7004514.899999268,2025-09-04 21:48:50.251714,2025-09-04 21:57:05.772947,0 days 00:08:15.521233,840,10,0.0045000000000000005,0.0995,COMPLETE
162,6967210.0999992015,2025-09-04 21:57:05.773459,2025-09-04 22:05:16.606100,0 days 00:08:10.832641,830,10,0.0045000000000000005,0.099,COMPLETE
163,6910597.599999192,2025-09-04 22:05:16.606607,2025-09-04 22:13:28.581183,0 days 00:08:11.974576,800,10,0.0045000000000000005,0.1,COMPLETE
164,6987478.899999283,2025-09-04 22:13:28.581883,2025-09-04 22:21:38.025133,0 days 00:08:09.443250,830,10,0.0045000000000000005,0.1,COMPLETE
165,6907293.399998644,2025-09-04 22:21:38.025632,2025-09-04 22:29:47.735639,0 days 00:08:09.710007,830,10,0.005,0.1,COMPLETE
166,6950470.699999116,2025-09-04 22:29:47.736146,2025-09-04 22:37:57.059451,0 days 00:08:09.323305,810,10,0.0045000000000000005,0.097,COMPLETE
167,7015310.0999992415,2025-09-04 22:37:57.059943,2025-09-04 22:46:11.415465,0 days 00:08:14.355522,840,10,0.0045000000000000005,0.097,COMPLETE
168,6982257.099998811,2025-09-04 22:46:11.416180,2025-09-04 22:54:21.168479,0 days 00:08:09.752299,850,10,0.005,0.0965,COMPLETE
169,6976356.799999309,2025-09-04 22:54:21.168986,2025-09-04 23:02:29.755841,0 days 00:08:08.586855,850,10,0.0045000000000000005,0.0955,COMPLETE
170,6836337.799998833,2025-09-04 23:02:29.756332,2025-09-04 23:10:39.250960,0 days 00:08:09.494628,850,10,0.005,0.0945,COMPLETE
171,7056700.299999355,2025-09-04 23:10:39.251469,2025-09-04 23:18:52.601035,0 days 00:08:13.349566,850,10,0.0045000000000000005,0.0975,COMPLETE
172,6856613.799999021,2025-09-04 23:18:52.601531,2025-09-04 23:27:03.435299,0 days 00:08:10.833768,780,10,0.0045000000000000005,0.0975,COMPLETE
173,7299319.599999823,2025-09-04 23:27:03.435829,2025-09-04 23:35:18.793928,0 days 00:08:15.358099,850,20,0.0025,0.0945,COMPLETE
174,7308287.2999999765,2025-09-04 23:35:18.794445,2025-09-04 23:43:38.594150,0 days 00:08:19.799705,860,30,0.0025,0.094,COMPLETE
175,7469015.1999995075,2025-09-04 23:43:38.594661,2025-09-04 23:51:49.870394,0 days 00:08:11.275733,880,30,0.0025,0.0985,COMPLETE
176,7424829.00000005,2025-09-04 23:51:49.870915,2025-09-05 00:00:00.699030,0 days 00:08:10.828115,870,20,0.0025,0.094,COMPLETE
177,7185386.599999523,2025-09-05 00:00:00.699564,2025-09-05 00:08:15.421806,0 days 00:08:14.722242,880,30,0.003,0.0935,COMPLETE
178,7348483.400000006,2025-09-05 00:08:15.422316,2025-09-05 00:16:27.838915,0 days 00:08:12.416599,870,30,0.0025,0.093,COMPLETE
179,7360179.299999954,2025-09-05 00:16:27.839440,2025-09-05 00:24:38.256110,0 days 00:08:10.416670,870,30,0.0025,0.094,COMPLETE
180,7124346.499999655,2025-09-05 00:24:38.256635,2025-09-05 00:32:49.836708,0 days 00:08:11.580073,870,30,0.003,0.094,COMPLETE
181,7360179.299999954,2025-09-05 00:32:49.837221,2025-09-05 00:41:06.947202,0 days 00:08:17.109981,870,30,0.0025,0.094,COMPLETE
182,1000000.0,2025-09-05 00:41:06.947786,2025-09-05 00:49:06.593143,0 days 00:07:59.645357,880,30,0.084,0.0935,COMPLETE
183,7223798.200000338,2025-09-05 00:49:06.593687,2025-09-05 00:57:25.475589,0 days 00:08:18.881902,900,30,0.0025,0.091,COMPLETE
184,2007939.3999999962,2025-09-05 00:57:25.476092,2025-09-05 01:05:29.637387,0 days 00:08:04.161295,870,470,0.0025,0.0915,COMPLETE
185,7335864.999999907,2025-09-05 01:05:29.637882,2025-09-05 01:13:42.852569,0 days 00:08:13.214687,890,30,0.0025,0.0945,COMPLETE
186,7280257.100000164,2025-09-05 01:13:42.853099,2025-09-05 01:21:54.253569,0 days 00:08:11.400470,890,30,0.0025,0.0905,COMPLETE
187,7280257.100000164,2025-09-05 01:21:54.254063,2025-09-05 01:30:08.347907,0 days 00:08:14.093844,890,30,0.0025,0.0905,COMPLETE
188,7272741.100000309,2025-09-05 01:30:08.348423,2025-09-05 01:38:23.232828,0 days 00:08:14.884405,900,30,0.0025,0.0905,COMPLETE
189,7359521.400000121,2025-09-05 01:38:23.233352,2025-09-05 01:46:40.991710,0 days 00:08:17.758358,900,30,0.0025,0.095,COMPLETE
190,7102126.59999948,2025-09-05 01:46:40.992226,2025-09-05 01:54:57.214498,0 days 00:08:16.222272,810,40,0.0025,0.095,COMPLETE
191,7272741.100000309,2025-09-05 01:54:57.215003,2025-09-05 02:03:14.597853,0 days 00:08:17.382850,900,30,0.0025,0.0905,COMPLETE
192,7339411.300000062,2025-09-05 02:03:14.598344,2025-09-05 02:11:28.925553,0 days 00:08:14.327209,890,30,0.0025,0.0925,COMPLETE
193,5216509.699999235,2025-09-05 02:11:28.926085,2025-09-05 02:19:36.114620,0 days 00:08:07.188535,870,40,0.009000000000000001,0.0925,COMPLETE
194,6448342.499998496,2025-09-05 02:19:36.115125,2025-09-05 02:27:49.194608,0 days 00:08:13.079483,890,30,0.0055,0.0955,COMPLETE
195,5531638.799998805,2025-09-05 02:27:49.195157,2025-09-05 02:35:59.616837,0 days 00:08:10.421680,870,60,0.006,0.095,COMPLETE
196,7362206.699999871,2025-09-05 02:35:59.617431,2025-09-05 02:44:15.006151,0 days 00:08:15.388720,910,40,0.0025,0.093,COMPLETE
197,5677308.799998805,2025-09-05 02:44:15.006678,2025-09-05 02:52:22.973326,0 days 00:08:07.966648,920,60,0.006,0.093,COMPLETE
198,5282687.199998841,2025-09-05 02:52:22.973854,2025-09-05 03:00:28.224650,0 days 00:08:05.250796,820,40,0.008,0.0975,COMPLETE
199,-inf,2025-09-05 03:00:28.225156,2025-09-05 03:00:28.237773,0 days 00:00:00.012617,860,890,0.0085,0.0955,COMPLETE
